2013-07-16 13:24:58 [INFO] Starting minecraft server version 1.5.2
2013-07-16 13:24:58 [INFO] Loading properties
2013-07-16 13:24:59 [INFO] Default game type: SURVIVAL
2013-07-16 13:24:59 [INFO] Generating keypair
2013-07-16 13:24:59 [INFO] Starting Minecraft server on *:33621
2013-07-16 13:24:59 [WARNING] Failed to load operators list: java.io.FileNotFoundException: .\ops.txt (The system cannot find the file specified)
2013-07-16 13:24:59 [WARNING] Failed to load white-list: java.io.FileNotFoundException: .\white-list.txt (The system cannot find the file specified)
2013-07-16 13:24:59 [INFO] Preparing level "TestScene1"
2013-07-16 13:24:59 [INFO] Preparing start region for level 0
2013-07-16 13:25:00 [INFO] Preparing spawn area: 11%
2013-07-16 13:25:01 [INFO] Preparing spawn area: 35%
2013-07-16 13:25:02 [INFO] Preparing spawn area: 57%
2013-07-16 13:25:03 [INFO] Preparing spawn area: 82%
2013-07-16 13:25:04 [INFO] Done (4.909s)! For help, type "help" or "?"
2013-07-16 13:25:04 [INFO] Stopping the server
2013-07-16 13:25:04 [INFO] Stopping server
2013-07-16 13:25:04 [INFO] Saving players
2013-07-16 13:25:04 [INFO] Saving worlds
2013-07-16 13:25:04 [INFO] Saving chunks for level 'TestScene1'/Overworld
2013-07-16 13:25:04 [INFO] Closing listening thread
2013-07-16 13:25:10 [INFO] Saving chunks for level 'TestScene1'/Nether
2013-07-16 13:25:10 [INFO] Saving chunks for level 'TestScene1'/The End
2013-07-16 13:25:16 [INFO] Stopping server
2013-07-16 13:27:35 [INFO] Starting minecraft server version 1.5.2
2013-07-16 13:27:35 [INFO] Loading properties
2013-07-16 13:27:35 [INFO] Default game type: SURVIVAL
2013-07-16 13:27:35 [INFO] Generating keypair
2013-07-16 13:27:36 [INFO] Starting Minecraft server on *:45149
2013-07-16 13:27:36 [INFO] Preparing level "TestScene1"
2013-07-16 13:27:36 [INFO] Preparing start region for level 0
2013-07-16 13:27:37 [INFO] Preparing spawn area: 10%
2013-07-16 13:27:38 [INFO] Preparing spawn area: 33%
2013-07-16 13:27:39 [INFO] Preparing spawn area: 55%
2013-07-16 13:27:40 [INFO] Preparing spawn area: 79%
2013-07-16 13:27:41 [INFO] Done (5.108s)! For help, type "help" or "?"
2013-07-16 13:27:41 [INFO] Stopping the server
2013-07-16 13:27:41 [INFO] Stopping server
2013-07-16 13:27:41 [INFO] Saving players
2013-07-16 13:27:41 [INFO] Saving worlds
2013-07-16 13:27:41 [INFO] Closing listening thread
2013-07-16 13:27:41 [INFO] Saving chunks for level 'TestScene1'/Overworld
2013-07-16 13:27:46 [INFO] Saving chunks for level 'TestScene1'/Nether
2013-07-16 13:27:46 [INFO] Saving chunks for level 'TestScene1'/The End
